<?xml version="1.0" encoding="UTF-8"?>
<!-- Generated by org.testng.reporters.JUnitXMLReporter -->
<testsuite ignored="2" hostname="DESKTOP-GK377N2" failures="0" tests="4" name="Test" time="41.274" errors="0" timestamp="2026-08-26T11:56:55 IST">
  <testcase classname="testCase.NinjaRegistration_TC001" name="registration" time="7.642"/>
  <testcase classname="testCase.NinjaLogin_TC002" name="verify_login" time="1.623"/>
  <testcase classname="testCase.NinjaShoppingCart_TC004" name="shoppingcart" time="13.447"/>
  <testcase classname="testCase.NinjaWishlist_TC005" name="verify_Wishlist" time="9.484"/>
  <testcase classname="testCase.DataProvide_TC003" name="Verify_Login" time="0.0">
    <ignored/>
  </testcase> <!-- Verify_Login -->
  <testcase classname="testCase.OrangeHRM_TC001" name="logins" time="0.0">
    <ignored/>
  </testcase> <!-- logins -->
</testsuite> <!-- Test -->
