<?xml version="1.0" encoding="UTF-8"?>
<!-- Generated by org.testng.reporters.JUnitXMLReporter -->
<testsuite ignored="2" hostname="DESKTOP-GK377N2" failures="2" tests="2" name="Test" time="31.551" errors="0" timestamp="2026-08-24T11:16:54 IST">
  <testcase classname="testCase.NinjaRegistration_TC001" name="registration" time="11.312">
    <failure type="java.lang.AssertionError" message="expected [Your Account Has Been Created!!!] but found [Your Account Has Been Created!]">
      <![CDATA[java.lang.AssertionError: expected [Your Account Has Been Created!!!] but found [Your Account Has Been Created!]
at testCase.NinjaRegistration_TC001.registration(NinjaRegistration_TC001.java:39)
at java.base/java.util.ArrayList.forEach(ArrayList.java:1612)
... Removed 31 stack frames]]>
    </failure>
  </testcase> <!-- registration -->
  <testcase classname="testCase.NinjaLogin_TC002" name="verify_login" time="10.999">
    <failure type="java.lang.AssertionError" message="expected [true] but found [false]">
      <![CDATA[java.lang.AssertionError: expected [true] but found [false]
at testCase.NinjaLogin_TC002.verify_login(NinjaLogin_TC002.java:30)
at java.base/java.util.ArrayList.forEach(ArrayList.java:1612)
... Removed 29 stack frames]]>
    </failure>
  </testcase> <!-- verify_login -->
  <testcase classname="testCase.DataProvide_TC003" name="Verify_Login" time="0.0">
    <ignored/>
  </testcase> <!-- Verify_Login -->
  <testcase classname="testCase.OrangeHRM_TC001" name="logins" time="0.0">
    <ignored/>
  </testcase> <!-- logins -->
</testsuite> <!-- Test -->
