<?xml version="1.0" encoding="UTF-8"?>
<!-- Generated by org.testng.reporters.JUnitXMLReporter -->
<testsuite ignored="2" hostname="DESKTOP-GK377N2" failures="0" tests="2" name="Test" time="22.931" errors="0" timestamp="2026-08-24T15:40:38 IST">
  <testcase classname="testCase.NinjaRegistration_TC001" name="registration" time="8.703"/>
  <testcase classname="testCase.NinjaLogin_TC002" name="verify_login" time="2.755"/>
  <testcase classname="testCase.OrangeHRM_TC001" name="logins" time="0.0">
    <ignored/>
  </testcase> <!-- logins -->
  <testcase classname="testCase.DataProvide_TC003" name="Verify_Login" time="0.0">
    <ignored/>
  </testcase> <!-- Verify_Login -->
</testsuite> <!-- Test -->
