<?xml version="1.0" encoding="UTF-8"?>
<!-- Generated by org.testng.reporters.JUnitXMLReporter -->
<testsuite ignored="2" hostname="DESKTOP-GK377N2" failures="0" tests="6" name="Test" time="66.071" errors="0" timestamp="2026-09-07T12:32:48 IST">
  <testcase classname="testCase.NinjaRegistration_TC001" name="registration" time="8.623"/>
  <testcase classname="testCase.NinjaLogin_TC002" name="verify_login" time="1.844"/>
  <testcase classname="testCase.NinjaShoppingCart_TC004" name="shoppingcart" time="14.341"/>
  <testcase classname="testCase.NinjaWishlist_TC005" name="verify_Wishlist" time="11.266"/>
  <testcase classname="testCase.NinjaReview_TC006" name="Verify_Review" time="7.887"/>
  <testcase classname="testCase.NinjaMonitordetails_TC007" name="monitorclass" time="3.369"/>
  <testcase classname="testCase.DataProvide_TC003" name="Verify_Login" time="0.0">
    <ignored/>
  </testcase> <!-- Verify_Login -->
  <testcase classname="testCase.OrangeHRM_TC001" name="logins" time="0.0">
    <ignored/>
  </testcase> <!-- logins -->
</testsuite> <!-- Test -->
