<?xml version="1.0" encoding="UTF-8"?>
<!-- Generated by org.testng.reporters.JUnitXMLReporter -->
<testsuite ignored="0" hostname="DESKTOP-GK377N2" failures="1" tests="2" name="Test(failed)" time="31.582" errors="0" timestamp="2026-08-24T11:18:21 IST">
  <testcase classname="testCase.NinjaRegistration_TC001" name="registration" time="9.476"/>
  <testcase classname="testCase.NinjaLogin_TC002" name="verify_login" time="12.43">
    <failure type="java.lang.AssertionError" message="expected [true] but found [false]">
      <![CDATA[java.lang.AssertionError: expected [true] but found [false]
at testCase.NinjaLogin_TC002.verify_login(NinjaLogin_TC002.java:30)
at java.base/java.util.ArrayList.forEach(ArrayList.java:1612)
... Removed 29 stack frames]]>
    </failure>
  </testcase> <!-- verify_login -->
</testsuite> <!-- Test(failed) -->
