<?xml version="1.0" encoding="UTF-8"?>
<testng-results ignored="0" total="2" passed="1" failed="1" skipped="0">
  <reporter-output>
  </reporter-output>
  <suite started-at="2026-08-24T11:17:48 IST" name="Failed suite [Suite]" finished-at="2026-08-24T11:18:20 IST" duration-ms="31582">
    <groups>
      <group name="regression">
        <method signature="NinjaLogin_TC002.verify_login()[pri:0, instance:testCase.NinjaLogin_TC002@7ec7ffd3]" name="verify_login" class="testCase.NinjaLogin_TC002"/>
        <method signature="NinjaRegistration_TC001.registration()[pri:0, instance:testCase.NinjaRegistration_TC001@9f116cc]" name="registration" class="testCase.NinjaRegistration_TC001"/>
      </group> <!-- regression -->
    </groups>
    <test started-at="2026-08-24T11:17:48 IST" name="Test(failed)" finished-at="2026-08-24T11:18:20 IST" duration-ms="31582">
      <class name="testCase.NinjaRegistration_TC001">
        <test-method is-config="true" signature="setup()[pri:0, instance:testCase.NinjaRegistration_TC001@9f116cc]" started-at="2026-08-24T11:17:48 IST" name="setup" finished-at="2026-08-24T11:17:53 IST" duration-ms="4654" status="PASS">
          <reporter-output>
          </reporter-output>
        </test-method> <!-- setup -->
        <test-method signature="registration()[pri:0, instance:testCase.NinjaRegistration_TC001@9f116cc]" started-at="2026-08-24T11:17:53 IST" name="registration" finished-at="2026-08-24T11:18:03 IST" duration-ms="9476" status="PASS">
          <reporter-output>
          </reporter-output>
        </test-method> <!-- registration -->
        <test-method is-config="true" signature="tearDown()[pri:0, instance:testCase.NinjaRegistration_TC001@9f116cc]" started-at="2026-08-24T11:18:03 IST" name="tearDown" finished-at="2026-08-24T11:18:03 IST" duration-ms="535" status="PASS">
          <reporter-output>
          </reporter-output>
        </test-method> <!-- tearDown -->
      </class> <!-- testCase.NinjaRegistration_TC001 -->
      <class name="testCase.NinjaLogin_TC002">
        <test-method is-config="true" signature="setup()[pri:0, instance:testCase.NinjaLogin_TC002@7ec7ffd3]" started-at="2026-08-24T11:18:03 IST" name="setup" finished-at="2026-08-24T11:18:06 IST" duration-ms="3132" status="PASS">
          <reporter-output>
          </reporter-output>
        </test-method> <!-- setup -->
        <test-method signature="verify_login()[pri:0, instance:testCase.NinjaLogin_TC002@7ec7ffd3]" started-at="2026-08-24T11:18:06 IST" name="verify_login" finished-at="2026-08-24T11:18:19 IST" duration-ms="12430" status="FAIL">
          <exception class="java.lang.AssertionError">
            <message>
              <![CDATA[expected [true] but found [false]]]>
            </message>
            <full-stacktrace>
              <![CDATA[java.lang.AssertionError: expected [true] but found [false]
at org.testng.Assert.fail(Assert.java:111)
at org.testng.Assert.failNotEquals(Assert.java:1590)
at org.testng.Assert.assertTrue(Assert.java:57)
at org.testng.Assert.assertTrue(Assert.java:67)
at testCase.NinjaLogin_TC002.verify_login(NinjaLogin_TC002.java:30)
at java.base/jdk.internal.reflect.DirectMethodHandleAccessor.invoke(DirectMethodHandleAccessor.java:104)
at java.base/java.lang.reflect.Method.invoke(Method.java:565)
at org.testng.internal.invokers.MethodInvocationHelper.invokeMethod(MethodInvocationHelper.java:141)
at org.testng.internal.invokers.TestInvoker.invokeMethod(TestInvoker.java:697)
at org.testng.internal.invokers.TestInvoker.invokeTestMethod(TestInvoker.java:230)
at org.testng.internal.invokers.MethodRunner.runInSequence(MethodRunner.java:63)
at org.testng.internal.invokers.TestInvoker$MethodInvocationAgent.invoke(TestInvoker.java:1005)
at org.testng.internal.invokers.TestInvoker.invokeTestMethods(TestInvoker.java:203)
at org.testng.internal.invokers.TestMethodWorker.invokeTestMethods(TestMethodWorker.java:154)
at org.testng.internal.invokers.TestMethodWorker.run(TestMethodWorker.java:134)
at java.base/java.util.ArrayList.forEach(ArrayList.java:1612)
at org.testng.TestRunner.privateRun(TestRunner.java:744)
at org.testng.TestRunner.run(TestRunner.java:616)
at org.testng.SuiteRunner.runTest(SuiteRunner.java:421)
at org.testng.SuiteRunner.runSequentially(SuiteRunner.java:413)
at org.testng.SuiteRunner.privateRun(SuiteRunner.java:373)
at org.testng.SuiteRunner.run(SuiteRunner.java:312)
at org.testng.SuiteRunnerWorker.runSuite(SuiteRunnerWorker.java:52)
at org.testng.SuiteRunnerWorker.run(SuiteRunnerWorker.java:95)
at org.testng.TestNG.runSuitesSequentially(TestNG.java:1274)
at org.testng.TestNG.runSuitesLocally(TestNG.java:1208)
at org.testng.TestNG.runSuites(TestNG.java:1112)
at org.testng.TestNG.run(TestNG.java:1079)
at org.testng.remote.AbstractRemoteTestNG.run(AbstractRemoteTestNG.java:115)
at org.testng.remote.RemoteTestNG.initAndRun(RemoteTestNG.java:293)
at org.testng.remote.RemoteTestNG.main(RemoteTestNG.java:91)
]]>
            </full-stacktrace>
          </exception> <!-- java.lang.AssertionError -->
          <reporter-output>
          </reporter-output>
        </test-method> <!-- verify_login -->
        <test-method is-config="true" signature="tearDown()[pri:0, instance:testCase.NinjaLogin_TC002@7ec7ffd3]" started-at="2026-08-24T11:18:19 IST" name="tearDown" finished-at="2026-08-24T11:18:20 IST" duration-ms="583" status="PASS">
          <reporter-output>
          </reporter-output>
        </test-method> <!-- tearDown -->
      </class> <!-- testCase.NinjaLogin_TC002 -->
    </test> <!-- Test(failed) -->
  </suite> <!-- Failed suite [Suite] -->
</testng-results>
