<?xml version="1.0" encoding="UTF-8"?>
<testng-results ignored="2" total="6" passed="4" failed="0" skipped="0">
  <reporter-output>
  </reporter-output>
  <suite started-at="2026-08-26T11:56:14 IST" name="Suite" finished-at="2026-08-26T11:56:55 IST" duration-ms="41274">
    <groups>
      <group name="regression">
        <method signature="NinjaLogin_TC002.verify_login()[pri:0, instance:testCase.NinjaLogin_TC002@dd8ba08]" name="verify_login" class="testCase.NinjaLogin_TC002"/>
        <method signature="NinjaRegistration_TC001.registration()[pri:0, instance:testCase.NinjaRegistration_TC001@37afeb11]" name="registration" class="testCase.NinjaRegistration_TC001"/>
        <method signature="NinjaShoppingCart_TC004.shoppingcart()[pri:0, instance:testCase.NinjaShoppingCart_TC004@245b4bdc]" name="shoppingcart" class="testCase.NinjaShoppingCart_TC004"/>
        <method signature="NinjaWishlist_TC005.verify_Wishlist()[pri:0, instance:testCase.NinjaWishlist_TC005@6c64cb25]" name="verify_Wishlist" class="testCase.NinjaWishlist_TC005"/>
      </group> <!-- regression -->
    </groups>
    <test started-at="2026-08-26T11:56:14 IST" name="Test" finished-at="2026-08-26T11:56:55 IST" duration-ms="41274">
      <class name="testCase.NinjaRegistration_TC001">
        <test-method is-config="true" signature="setup()[pri:0, instance:testCase.NinjaRegistration_TC001@37afeb11]" started-at="2026-08-26T11:56:14 IST" name="setup" finished-at="2026-08-26T11:56:17 IST" duration-ms="2660" status="PASS">
          <reporter-output>
          </reporter-output>
        </test-method> <!-- setup -->
        <test-method signature="registration()[pri:0, instance:testCase.NinjaRegistration_TC001@37afeb11]" started-at="2026-08-26T11:56:17 IST" name="registration" finished-at="2026-08-26T11:56:24 IST" duration-ms="7642" status="PASS">
          <reporter-output>
          </reporter-output>
        </test-method> <!-- registration -->
        <test-method is-config="true" signature="tearDown()[pri:0, instance:testCase.NinjaRegistration_TC001@37afeb11]" started-at="2026-08-26T11:56:24 IST" name="tearDown" finished-at="2026-08-26T11:56:25 IST" duration-ms="275" status="PASS">
          <reporter-output>
          </reporter-output>
        </test-method> <!-- tearDown -->
      </class> <!-- testCase.NinjaRegistration_TC001 -->
      <class name="testCase.NinjaShoppingCart_TC004">
        <test-method is-config="true" signature="setup()[pri:0, instance:testCase.NinjaShoppingCart_TC004@245b4bdc]" started-at="2026-08-26T11:56:28 IST" name="setup" finished-at="2026-08-26T11:56:30 IST" duration-ms="1733" status="PASS">
          <reporter-output>
          </reporter-output>
        </test-method> <!-- setup -->
        <test-method signature="shoppingcart()[pri:0, instance:testCase.NinjaShoppingCart_TC004@245b4bdc]" started-at="2026-08-26T11:56:30 IST" name="shoppingcart" finished-at="2026-08-26T11:56:43 IST" duration-ms="13447" status="PASS">
          <reporter-output>
          </reporter-output>
        </test-method> <!-- shoppingcart -->
        <test-method is-config="true" signature="tearDown()[pri:0, instance:testCase.NinjaShoppingCart_TC004@245b4bdc]" started-at="2026-08-26T11:56:43 IST" name="tearDown" finished-at="2026-08-26T11:56:44 IST" duration-ms="333" status="PASS">
          <reporter-output>
          </reporter-output>
        </test-method> <!-- tearDown -->
      </class> <!-- testCase.NinjaShoppingCart_TC004 -->
      <class name="testCase.NinjaWishlist_TC005">
        <test-method is-config="true" signature="setup()[pri:0, instance:testCase.NinjaWishlist_TC005@6c64cb25]" started-at="2026-08-26T11:56:44 IST" name="setup" finished-at="2026-08-26T11:56:45 IST" duration-ms="1708" status="PASS">
          <reporter-output>
          </reporter-output>
        </test-method> <!-- setup -->
        <test-method signature="verify_Wishlist()[pri:0, instance:testCase.NinjaWishlist_TC005@6c64cb25]" started-at="2026-08-26T11:56:45 IST" name="verify_Wishlist" finished-at="2026-08-26T11:56:55 IST" duration-ms="9484" status="PASS">
          <reporter-output>
          </reporter-output>
        </test-method> <!-- verify_Wishlist -->
        <test-method is-config="true" signature="tearDown()[pri:0, instance:testCase.NinjaWishlist_TC005@6c64cb25]" started-at="2026-08-26T11:56:55 IST" name="tearDown" finished-at="2026-08-26T11:56:55 IST" duration-ms="217" status="PASS">
          <reporter-output>
          </reporter-output>
        </test-method> <!-- tearDown -->
      </class> <!-- testCase.NinjaWishlist_TC005 -->
      <class name="testCase.NinjaLogin_TC002">
        <test-method is-config="true" signature="setup()[pri:0, instance:testCase.NinjaLogin_TC002@dd8ba08]" started-at="2026-08-26T11:56:25 IST" name="setup" finished-at="2026-08-26T11:56:26 IST" duration-ms="1623" status="PASS">
          <reporter-output>
          </reporter-output>
        </test-method> <!-- setup -->
        <test-method signature="verify_login()[pri:0, instance:testCase.NinjaLogin_TC002@dd8ba08]" started-at="2026-08-26T11:56:26 IST" name="verify_login" finished-at="2026-08-26T11:56:28 IST" duration-ms="1623" status="PASS">
          <reporter-output>
          </reporter-output>
        </test-method> <!-- verify_login -->
        <test-method is-config="true" signature="tearDown()[pri:0, instance:testCase.NinjaLogin_TC002@dd8ba08]" started-at="2026-08-26T11:56:28 IST" name="tearDown" finished-at="2026-08-26T11:56:28 IST" duration-ms="231" status="PASS">
          <reporter-output>
          </reporter-output>
        </test-method> <!-- tearDown -->
      </class> <!-- testCase.NinjaLogin_TC002 -->
    </test> <!-- Test -->
  </suite> <!-- Suite -->
</testng-results>
